# JRE version: Java(TM) SE Runtime Environment (7.0_67-b01) (build 1.7.0_67-b01)
# Java VM: Java HotSpot(TM) Client VM (24.65-b04 mixed mode windows-x86 )
Heap
 par new generation   total 118016K, used 14136K [0x10200000, 0x18200000, 0x18200000)
  eden space 104960K,   7% used [0x10200000, 0x109534a8, 0x16880000)
  from space 13056K,  50% used [0x16880000, 0x16efad30, 0x17540000)
  to   space 13056K,   0% used [0x17540000, 0x17540000, 0x18200000)
 concurrent mark-sweep generation total 917504K, used 45868K [0x18200000, 0x50200000, 0x50200000)
 concurrent-mark-sweep perm gen total 28792K, used 17371K [0x50200000, 0x51e1e000, 0x54200000)
GC Heap History (10 events):
Event: 9.034 GC heap before
{Heap before GC invocations=6 (full 3):
 par new generation   total 118016K, used 118016K [0x10200000, 0x18200000, 0x18200000)
  eden space 104960K, 100% used [0x10200000, 0x16880000, 0x16880000)
  from space 13056K, 100% used [0x17540000, 0x18200000, 0x18200000)
  to   space 13056K,   0% used [0x16880000, 0x16880000, 0x17540000)
 concurrent mark-sweep generation total 917504K, used 56734K [0x18200000, 0x50200000, 0x50200000)
 concurrent-mark-sweep perm gen total 24452K, used 14670K [0x50200000, 0x519e1000, 0x54200000)
Event: 9.109 GC heap after
Heap after GC invocations=7 (full 3):
 par new generation   total 118016K, used 13056K [0x10200000, 0x18200000, 0x18200000)
  eden space 104960K,   0% used [0x10200000, 0x10200000, 0x16880000)
  from space 13056K, 100% used [0x16880000, 0x17540000, 0x17540000)
  to   space 13056K,   0% used [0x17540000, 0x17540000, 0x18200000)
 concurrent mark-sweep generation total 917504K, used 72500K [0x18200000, 0x50200000, 0x50200000)
 concurrent-mark-sweep perm gen total 24452K, used 14670K [0x50200000, 0x519e1000, 0x54200000)
}
Event: 10.222 GC heap before
{Heap before GC invocations=7 (full 4):
 par new generation   total 118016K, used 118016K [0x10200000, 0x18200000, 0x18200000)
  eden space 104960K, 100% used [0x10200000, 0x16880000, 0x16880000)
  from space 13056K, 100% used [0x16880000, 0x17540000, 0x17540000)
  to   space 13056K,   0% used [0x17540000, 0x17540000, 0x18200000)
 concurrent mark-sweep generation total 917504K, used 72500K [0x18200000, 0x50200000, 0x50200000)
 concurrent-mark-sweep perm gen total 24452K, used 16179K [0x50200000, 0x519e1000, 0x54200000)
Event: 10.249 GC heap after
Heap after GC invocations=8 (full 4):
 par new generation   total 118016K, used 10906K [0x10200000, 0x18200000, 0x18200000)
  eden space 104960K,   0% used [0x10200000, 0x10200000, 0x16880000)
  from space 13056K,  83% used [0x17540000, 0x17fe68f8, 0x18200000)
  to   space 13056K,   0% used [0x16880000, 0x16880000, 0x17540000)
 concurrent mark-sweep generation total 917504K, used 74632K [0x18200000, 0x50200000, 0x50200000)
 concurrent-mark-sweep perm gen total 24452K, used 16179K [0x50200000, 0x519e1000, 0x54200000)
}
Event: 12.083 GC heap before
{Heap before GC invocations=8 (full 4):
 par new generation   total 118016K, used 115866K [0x10200000, 0x18200000, 0x18200000)
  eden space 104960K, 100% used [0x10200000, 0x16880000, 0x16880000)
  from space 13056K,  83% used [0x17540000, 0x17fe68f8, 0x18200000)
  to   space 13056K,   0% used [0x16880000, 0x16880000, 0x17540000)
 concurrent mark-sweep generation total 917504K, used 41650K [0x18200000, 0x50200000, 0x50200000)
 concurrent-mark-sweep perm gen total 27216K, used 16555K [0x50200000, 0x51c94000, 0x54200000)
Event: 12.105 GC heap after
Heap after GC invocations=9 (full 4):
 par new generation   total 118016K, used 6870K [0x10200000, 0x18200000, 0x18200000)
  eden space 104960K,   0% used [0x10200000, 0x10200000, 0x16880000)
  from space 13056K,  52% used [0x16880000, 0x16f35ac0, 0x17540000)
  to   space 13056K,   0% used [0x17540000, 0x17540000, 0x18200000)
 concurrent mark-sweep generation total 917504K, used 45775K [0x18200000, 0x50200000, 0x50200000)
 concurrent-mark-sweep perm gen total 27216K, used 16555K [0x50200000, 0x51c94000, 0x54200000)
}
Event: 13.101 GC heap before
{Heap before GC invocations=9 (full 5):
 par new generation   total 118016K, used 111830K [0x10200000, 0x18200000, 0x18200000)
  eden space 104960K, 100% used [0x10200000, 0x16880000, 0x16880000)
  from space 13056K,  52% used [0x16880000, 0x16f35ac0, 0x17540000)
  to   space 13056K,   0% used [0x17540000, 0x17540000, 0x18200000)
 concurrent mark-sweep generation total 917504K, used 45775K [0x18200000, 0x50200000, 0x50200000)
 concurrent-mark-sweep perm gen total 27216K, used 17273K [0x50200000, 0x51c94000, 0x54200000)
Event: 13.123 GC heap after
Heap after GC invocations=10 (full 5):
 par new generation   total 118016K, used 9590K [0x10200000, 0x18200000, 0x18200000)
  eden space 104960K,   0% used [0x10200000, 0x10200000, 0x16880000)
  from space 13056K,  73% used [0x17540000, 0x17e9da20, 0x18200000)
  to   space 13056K,   0% used [0x16880000, 0x16880000, 0x17540000)
 concurrent mark-sweep generation total 917504K, used 45775K [0x18200000, 0x50200000, 0x50200000)
 concurrent-mark-sweep perm gen total 27216K, used 17273K [0x50200000, 0x51c94000, 0x54200000)
}
Event: 15.617 GC heap before
{Heap before GC invocations=10 (full 5):
 par new generation   total 118016K, used 114550K [0x10200000, 0x18200000, 0x18200000)
  eden space 104960K, 100% used [0x10200000, 0x16880000, 0x16880000)
  from space 13056K,  73% used [0x17540000, 0x17e9da20, 0x18200000)
  to   space 13056K,   0% used [0x16880000, 0x16880000, 0x17540000)
 concurrent mark-sweep generation total 917504K, used 44639K [0x18200000, 0x50200000, 0x50200000)
 concurrent-mark-sweep perm gen total 28792K, used 17273K [0x50200000, 0x51e1e000, 0x54200000)
Event: 15.635 GC heap after
Heap after GC invocations=11 (full 5):
 par new generation   total 118016K, used 6635K [0x10200000, 0x18200000, 0x18200000)
  eden space 104960K,   0% used [0x10200000, 0x10200000, 0x16880000)
  from space 13056K,  50% used [0x16880000, 0x16efad30, 0x17540000)
  to   space 13056K,   0% used [0x17540000, 0x17540000, 0x18200000)
 concurrent mark-sweep generation total 917504K, used 45868K [0x18200000, 0x50200000, 0x50200000)
 concurrent-mark-sweep perm gen total 28792K, used 17273K [0x50200000, 0x51e1e000, 0x54200000)
}

