# JRE version: Java(TM) SE Runtime Environment (7.0_67-b01) (build 1.7.0_67-b01)
# Java VM: Java HotSpot(TM) Client VM (24.65-b04 mixed mode windows-x86 )
Heap
 par new generation   total 118016K, used 46026K [0x10200000, 0x18200000, 0x18200000)
  eden space 104960K,  36% used [0x10200000, 0x127c4c48, 0x16880000)
  from space 13056K,  56% used [0x17540000, 0x17c6de38, 0x18200000)
  to   space 13056K,   0% used [0x16880000, 0x16880000, 0x17540000)
 concurrent mark-sweep generation total 917504K, used 47595K [0x18200000, 0x50200000, 0x50200000)
 concurrent-mark-sweep perm gen total 28964K, used 17414K [0x50200000, 0x51e49000, 0x54200000)
GC Heap History (10 events):
Event: 34.574 GC heap before
{Heap before GC invocations=7 (full 5):
 par new generation   total 118016K, used 118016K [0x10200000, 0x18200000, 0x18200000)
  eden space 104960K, 100% used [0x10200000, 0x16880000, 0x16880000)
  from space 13056K, 100% used [0x16880000, 0x17540000, 0x17540000)
  to   space 13056K,   0% used [0x17540000, 0x17540000, 0x18200000)
 concurrent mark-sweep generation total 917504K, used 70973K [0x18200000, 0x50200000, 0x50200000)
 concurrent-mark-sweep perm gen total 24416K, used 16263K [0x50200000, 0x519d8000, 0x54200000)
Event: 34.615 GC heap after
Heap after GC invocations=8 (full 5):
 par new generation   total 118016K, used 10339K [0x10200000, 0x18200000, 0x18200000)
  eden space 104960K,   0% used [0x10200000, 0x10200000, 0x16880000)
  from space 13056K,  79% used [0x17540000, 0x17f58c60, 0x18200000)
  to   space 13056K,   0% used [0x16880000, 0x16880000, 0x17540000)
 concurrent mark-sweep generation total 917504K, used 73329K [0x18200000, 0x50200000, 0x50200000)
 concurrent-mark-sweep perm gen total 24416K, used 16263K [0x50200000, 0x519d8000, 0x54200000)
}
Event: 43.248 GC heap before
{Heap before GC invocations=8 (full 5):
 par new generation   total 118016K, used 115299K [0x10200000, 0x18200000, 0x18200000)
  eden space 104960K, 100% used [0x10200000, 0x16880000, 0x16880000)
  from space 13056K,  79% used [0x17540000, 0x17f58c60, 0x18200000)
  to   space 13056K,   0% used [0x16880000, 0x16880000, 0x17540000)
 concurrent mark-sweep generation total 917504K, used 44949K [0x18200000, 0x50200000, 0x50200000)
 concurrent-mark-sweep perm gen total 27176K, used 16589K [0x50200000, 0x51c8a000, 0x54200000)
Event: 43.280 GC heap after
Heap after GC invocations=9 (full 5):
 par new generation   total 118016K, used 4416K [0x10200000, 0x18200000, 0x18200000)
  eden space 104960K,   0% used [0x10200000, 0x10200000, 0x16880000)
  from space 13056K,  33% used [0x16880000, 0x16cd0060, 0x17540000)
  to   space 13056K,   0% used [0x17540000, 0x17540000, 0x18200000)
 concurrent mark-sweep generation total 917504K, used 49110K [0x18200000, 0x50200000, 0x50200000)
 concurrent-mark-sweep perm gen total 27176K, used 16589K [0x50200000, 0x51c8a000, 0x54200000)
}
Event: 46.164 GC heap before
{Heap before GC invocations=9 (full 6):
 par new generation   total 118016K, used 109376K [0x10200000, 0x18200000, 0x18200000)
  eden space 104960K, 100% used [0x10200000, 0x16880000, 0x16880000)
  from space 13056K,  33% used [0x16880000, 0x16cd0060, 0x17540000)
  to   space 13056K,   0% used [0x17540000, 0x17540000, 0x18200000)
 concurrent mark-sweep generation total 917504K, used 49110K [0x18200000, 0x50200000, 0x50200000)
 concurrent-mark-sweep perm gen total 27176K, used 17251K [0x50200000, 0x51c8a000, 0x54200000)
Event: 46.196 GC heap after
Heap after GC invocations=10 (full 6):
 par new generation   total 118016K, used 10577K [0x10200000, 0x18200000, 0x18200000)
  eden space 104960K,   0% used [0x10200000, 0x10200000, 0x16880000)
  from space 13056K,  81% used [0x17540000, 0x17f94750, 0x18200000)
  to   space 13056K,   0% used [0x16880000, 0x16880000, 0x17540000)
 concurrent mark-sweep generation total 917504K, used 49110K [0x18200000, 0x50200000, 0x50200000)
 concurrent-mark-sweep perm gen total 27176K, used 17251K [0x50200000, 0x51c8a000, 0x54200000)
}
Event: 48.822 GC heap before
{Heap before GC invocations=10 (full 6):
 par new generation   total 118016K, used 115537K [0x10200000, 0x18200000, 0x18200000)
  eden space 104960K, 100% used [0x10200000, 0x16880000, 0x16880000)
  from space 13056K,  81% used [0x17540000, 0x17f94750, 0x18200000)
  to   space 13056K,   0% used [0x16880000, 0x16880000, 0x17540000)
 concurrent mark-sweep generation total 917504K, used 49110K [0x18200000, 0x50200000, 0x50200000)
 concurrent-mark-sweep perm gen total 27176K, used 17335K [0x50200000, 0x51c8a000, 0x54200000)
Event: 48.862 GC heap after
Heap after GC invocations=11 (full 6):
 par new generation   total 118016K, used 10556K [0x10200000, 0x18200000, 0x18200000)
  eden space 104960K,   0% used [0x10200000, 0x10200000, 0x16880000)
  from space 13056K,  80% used [0x16880000, 0x172cf310, 0x17540000)
  to   space 13056K,   0% used [0x17540000, 0x17540000, 0x18200000)
 concurrent mark-sweep generation total 917504K, used 51842K [0x18200000, 0x50200000, 0x50200000)
 concurrent-mark-sweep perm gen total 27176K, used 17335K [0x50200000, 0x51c8a000, 0x54200000)
}
Event: 53.975 GC heap before
{Heap before GC invocations=11 (full 6):
 par new generation   total 118016K, used 114536K [0x10200000, 0x18200000, 0x18200000)
  eden space 104960K,  99% used [0x10200000, 0x1678adc0, 0x16880000)
  from space 13056K,  80% used [0x16880000, 0x172cf310, 0x17540000)
  to   space 13056K,   0% used [0x17540000, 0x17540000, 0x18200000)
 concurrent mark-sweep generation total 917504K, used 47595K [0x18200000, 0x50200000, 0x50200000)
 concurrent-mark-sweep perm gen total 28964K, used 17376K [0x50200000, 0x51e49000, 0x54200000)
Event: 53.998 GC heap after
Heap after GC invocations=12 (full 6):
 par new generation   total 118016K, used 7351K [0x10200000, 0x18200000, 0x18200000)
  eden space 104960K,   0% used [0x10200000, 0x10200000, 0x16880000)
  from space 13056K,  56% used [0x17540000, 0x17c6de38, 0x18200000)
  to   space 13056K,   0% used [0x16880000, 0x16880000, 0x17540000)
 concurrent mark-sweep generation total 917504K, used 47595K [0x18200000, 0x50200000, 0x50200000)
 concurrent-mark-sweep perm gen total 28964K, used 17376K [0x50200000, 0x51e49000, 0x54200000)
}

